<?xml version="1.0" encoding="UTF-8"?>
<!-- Generated by org.testng.reporters.JUnitXMLReporter -->
<testsuite hostname="DESKTOP-MDH6837" ignored="0" name="Default test" tests="5" failures="0" timestamp="14 Sep 2019 20:19:49 GMT" time="8.743" errors="0">
  <testcase name="VerifyInvalidLogin" time="1.824" classname="com.pack.ReadExcelDataProvider"/>
  <testcase name="VerifyInvalidLogin" time="0.597" classname="com.pack.ReadExcelDataProvider"/>
  <testcase name="VerifyInvalidLogin" time="0.568" classname="com.pack.ReadExcelDataProvider"/>
  <testcase name="VerifyInvalidLogin" time="0.552" classname="com.pack.ReadExcelDataProvider"/>
  <testcase name="VerifyInvalidLogin" time="0.519" classname="com.pack.ReadExcelDataProvider"/>
</testsuite> <!-- Default test -->
